<?xml version="1.0" encoding="UTF-8"?>
<testng-results skipped="0" failed="0" ignored="0" total="1" passed="1">
  <reporter-output>
  </reporter-output>
  <suite name="Default suite" duration-ms="5855" started-at="2021-04-26T02:35:35Z" finished-at="2021-04-26T02:35:41Z">
    <groups>
    </groups>
    <test name="Default test" duration-ms="5855" started-at="2021-04-26T02:35:35Z" finished-at="2021-04-26T02:35:41Z">
      <class name="testpackage.GetEmployee">
        <test-method status="PASS" signature="getEmployee()[pri:0, instance:testpackage.GetEmployee@4e91d63f]" name="getEmployee" duration-ms="5730" started-at="2021-04-26T02:35:35Z" finished-at="2021-04-26T02:35:41Z">
          <reporter-output>
          </reporter-output>
        </test-method> <!-- getEmployee -->
      </class> <!-- testpackage.GetEmployee -->
    </test> <!-- Default test -->
  </suite> <!-- Default suite -->
</testng-results>
